[W909 00:27:00.977663562 socket.cpp:464] [c10d] waitForInput: poll for socket SocketImpl(fd=11, addr=[g009.cm.cluster]:49478, remote=[g002.cm.cluster]:37895) returned 0, likely a timeout
[W909 00:27:00.909304285 socket.cpp:464] [c10d] waitForInput: poll for socket SocketImpl(fd=11, addr=[g006.cm.cluster]:57066, remote=[g002.cm.cluster]:37895) returned 0, likely a timeout
[W909 00:27:00.978009825 socket.cpp:489] [c10d] waitForInput: socket SocketImpl(fd=11, addr=[g009.cm.cluster]:49478, remote=[g002.cm.cluster]:37895) timed out after 900000ms
[W909 00:27:00.833187732 socket.cpp:464] [c10d] waitForInput: poll for socket SocketImpl(fd=11, addr=[g007.cm.cluster]:49800, remote=[g002.cm.cluster]:37895) returned 0, likely a timeout
[W909 00:27:00.909755918 socket.cpp:489] [c10d] waitForInput: socket SocketImpl(fd=11, addr=[g006.cm.cluster]:57066, remote=[g002.cm.cluster]:37895) timed out after 900000ms
[W909 00:27:00.833614491 socket.cpp:489] [c10d] waitForInput: socket SocketImpl(fd=11, addr=[g007.cm.cluster]:49800, remote=[g002.cm.cluster]:37895) timed out after 900000ms
[W909 00:27:00.275390945 socket.cpp:464] [c10d] waitForInput: poll for socket SocketImpl(fd=11, addr=[g004.cm.cluster]:53834, remote=[g002.cm.cluster]:37895) returned 0, likely a timeout
[W909 00:27:00.275975438 socket.cpp:489] [c10d] waitForInput: socket SocketImpl(fd=11, addr=[g004.cm.cluster]:53834, remote=[g002.cm.cluster]:37895) timed out after 900000ms
[W909 00:27:00.127357952 socket.cpp:464] [c10d] waitForInput: poll for socket SocketImpl(fd=11, addr=[g002.cm.cluster]:60962, remote=[g002.cm.cluster]:37895) returned 0, likely a timeout
[W909 00:27:00.127845482 socket.cpp:489] [c10d] waitForInput: socket SocketImpl(fd=11, addr=[g002.cm.cluster]:60962, remote=[g002.cm.cluster]:37895) timed out after 900000ms
[W909 00:27:00.881292114 socket.cpp:464] [c10d] waitForInput: poll for socket SocketImpl(fd=11, addr=[g008.cm.cluster]:42644, remote=[g002.cm.cluster]:37895) returned 0, likely a timeout
[W909 00:27:00.881843002 socket.cpp:489] [c10d] waitForInput: socket SocketImpl(fd=11, addr=[g008.cm.cluster]:42644, remote=[g002.cm.cluster]:37895) timed out after 900000ms
[W909 00:27:00.003572754 socket.cpp:464] [c10d] waitForInput: poll for socket SocketImpl(fd=11, addr=[g003.cm.cluster]:43262, remote=[g002.cm.cluster]:37895) returned 0, likely a timeout
[W909 00:27:00.003983294 socket.cpp:489] [c10d] waitForInput: socket SocketImpl(fd=11, addr=[g003.cm.cluster]:43262, remote=[g002.cm.cluster]:37895) timed out after 900000ms
Traceback (most recent call last):
  File "/home/li309/pct_code/venv/moellava-test2/bin/torchrun", line 7, in <module>
    sys.exit(main())
  File "/home/li309/pct_code/venv/moellava-test2/lib/python3.10/site-packages/torch/distributed/elastic/multiprocessing/errors/__init__.py", line 355, in wrapper
    return f(*args, **kwargs)
  File "/home/li309/pct_code/venv/moellava-test2/lib/python3.10/site-packages/torch/distributed/run.py", line 918, in main
    run(args)
  File "/home/li309/pct_code/venv/moellava-test2/lib/python3.10/site-packages/torch/distributed/run.py", line 909, in run
    elastic_launch(
  File "/home/li309/pct_code/venv/moellava-test2/lib/python3.10/site-packages/torch/distributed/launcher/api.py", line 138, in __call__
    return launch_agent(self._config, self._entrypoint, list(args))
  File "/home/li309/pct_code/venv/moellava-test2/lib/python3.10/site-packages/torch/distributed/launcher/api.py", line 260, in launch_agent
    result = agent.run()
  File "/home/li309/pct_code/venv/moellava-test2/lib/python3.10/site-packages/torch/distributed/elastic/metrics/api.py", line 137, in wrapper
    result = f(*args, **kwargs)
  File "/home/li309/pct_code/venv/moellava-test2/lib/python3.10/site-packages/torch/distributed/elastic/agent/server/api.py", line 711, in run
    result = self._invoke_run(role)
  File "/home/li309/pct_code/venv/moellava-test2/lib/python3.10/site-packages/torch/distributed/elastic/agent/server/api.py", line 864, in _invoke_run
    self._initialize_workers(self._worker_group)
  File "/home/li309/pct_code/venv/moellava-test2/lib/python3.10/site-packages/torch/distributed/elastic/metrics/api.py", line 137, in wrapper
    result = f(*args, **kwargs)
  File "/home/li309/pct_code/venv/moellava-test2/lib/python3.10/site-packages/torch/distributed/elastic/agent/server/api.py", line 683, in _initialize_workers
    self._rendezvous(worker_group)
  File "/home/li309/pct_code/venv/moellava-test2/lib/python3.10/site-packages/torch/distributed/elastic/metrics/api.py", line 137, in wrapper
    result = f(*args, **kwargs)
  File "/home/li309/pct_code/venv/moellava-test2/lib/python3.10/site-packages/torch/distributed/elastic/agent/server/api.py", line 513, in _rendezvous
    workers = self._assign_worker_ranks(
  File "/home/li309/pct_code/venv/moellava-test2/lib/python3.10/site-packages/torch/distributed/elastic/metrics/api.py", line 137, in wrapper
    result = f(*args, **kwargs)
  File "/home/li309/pct_code/venv/moellava-test2/lib/python3.10/site-packages/torch/distributed/elastic/agent/server/api.py", line 605, in _assign_worker_ranks
    role_infos_bytes = store.multi_get(
torch.distributed.DistStoreError: wait timeout after 900000ms, keys: /none/torchelastic/role_info/0, /none/torchelastic/role_info/1, /none/torchelastic/role_info/2, /none/torchelastic/role_info/3, /none/torchelastic/role_info/4, /none/torchelastic/role_info/5, /none/torchelastic/role_info/6, /none/torchelastic/role_info/7
[W909 00:27:00.569150277 socket.cpp:464] [c10d] waitForInput: poll for socket SocketImpl(fd=11, addr=[g005.cm.cluster]:45640, remote=[g002.cm.cluster]:37895) returned 0, likely a timeout
[W909 00:27:00.569568598 socket.cpp:489] [c10d] waitForInput: socket SocketImpl(fd=11, addr=[g005.cm.cluster]:45640, remote=[g002.cm.cluster]:37895) timed out after 900000ms
Traceback (most recent call last):
  File "/home/li309/pct_code/venv/moellava-test2/bin/torchrun", line 7, in <module>
    sys.exit(main())
  File "/home/li309/pct_code/venv/moellava-test2/lib/python3.10/site-packages/torch/distributed/elastic/multiprocessing/errors/__init__.py", line 355, in wrapper
Traceback (most recent call last):
  File "/home/li309/pct_code/venv/moellava-test2/bin/torchrun", line 7, in <module>
Traceback (most recent call last):
  File "/home/li309/pct_code/venv/moellava-test2/bin/torchrun", line 7, in <module>
Traceback (most recent call last):
  File "/home/li309/pct_code/venv/moellava-test2/bin/torchrun", line 7, in <module>
Traceback (most recent call last):
  File "/home/li309/pct_code/venv/moellava-test2/bin/torchrun", line 7, in <module>
    sys.exit(main())
  File "/home/li309/pct_code/venv/moellava-test2/lib/python3.10/site-packages/torch/distributed/elastic/multiprocessing/errors/__init__.py", line 355, in wrapper
Traceback (most recent call last):
  File "/home/li309/pct_code/venv/moellava-test2/bin/torchrun", line 7, in <module>
    sys.exit(main())
  File "/home/li309/pct_code/venv/moellava-test2/lib/python3.10/site-packages/torch/distributed/elastic/multiprocessing/errors/__init__.py", line 355, in wrapper
    return f(*args, **kwargs)
  File "/home/li309/pct_code/venv/moellava-test2/lib/python3.10/site-packages/torch/distributed/run.py", line 918, in main
    sys.exit(main())
  File "/home/li309/pct_code/venv/moellava-test2/lib/python3.10/site-packages/torch/distributed/elastic/multiprocessing/errors/__init__.py", line 355, in wrapper
    sys.exit(main())
  File "/home/li309/pct_code/venv/moellava-test2/lib/python3.10/site-packages/torch/distributed/elastic/multiprocessing/errors/__init__.py", line 355, in wrapper
    sys.exit(main())
  File "/home/li309/pct_code/venv/moellava-test2/lib/python3.10/site-packages/torch/distributed/elastic/multiprocessing/errors/__init__.py", line 355, in wrapper
    run(args)
  File "/home/li309/pct_code/venv/moellava-test2/lib/python3.10/site-packages/torch/distributed/run.py", line 909, in run
    return f(*args, **kwargs)
  File "/home/li309/pct_code/venv/moellava-test2/lib/python3.10/site-packages/torch/distributed/run.py", line 918, in main
    return f(*args, **kwargs)
  File "/home/li309/pct_code/venv/moellava-test2/lib/python3.10/site-packages/torch/distributed/run.py", line 918, in main
    return f(*args, **kwargs)
  File "/home/li309/pct_code/venv/moellava-test2/lib/python3.10/site-packages/torch/distributed/run.py", line 918, in main
    elastic_launch(
  File "/home/li309/pct_code/venv/moellava-test2/lib/python3.10/site-packages/torch/distributed/launcher/api.py", line 138, in __call__
    return f(*args, **kwargs)
  File "/home/li309/pct_code/venv/moellava-test2/lib/python3.10/site-packages/torch/distributed/run.py", line 918, in main
    return f(*args, **kwargs)
  File "/home/li309/pct_code/venv/moellava-test2/lib/python3.10/site-packages/torch/distributed/run.py", line 918, in main
    run(args)
  File "/home/li309/pct_code/venv/moellava-test2/lib/python3.10/site-packages/torch/distributed/run.py", line 909, in run
    run(args)
  File "/home/li309/pct_code/venv/moellava-test2/lib/python3.10/site-packages/torch/distributed/run.py", line 909, in run
    return launch_agent(self._config, self._entrypoint, list(args))
  File "/home/li309/pct_code/venv/moellava-test2/lib/python3.10/site-packages/torch/distributed/launcher/api.py", line 260, in launch_agent
    run(args)
  File "/home/li309/pct_code/venv/moellava-test2/lib/python3.10/site-packages/torch/distributed/run.py", line 909, in run
    elastic_launch(
  File "/home/li309/pct_code/venv/moellava-test2/lib/python3.10/site-packages/torch/distributed/launcher/api.py", line 138, in __call__
    result = agent.run()
  File "/home/li309/pct_code/venv/moellava-test2/lib/python3.10/site-packages/torch/distributed/elastic/metrics/api.py", line 137, in wrapper
    run(args)
  File "/home/li309/pct_code/venv/moellava-test2/lib/python3.10/site-packages/torch/distributed/run.py", line 909, in run
    run(args)
  File "/home/li309/pct_code/venv/moellava-test2/lib/python3.10/site-packages/torch/distributed/run.py", line 909, in run
    elastic_launch(
  File "/home/li309/pct_code/venv/moellava-test2/lib/python3.10/site-packages/torch/distributed/launcher/api.py", line 138, in __call__
    elastic_launch(
  File "/home/li309/pct_code/venv/moellava-test2/lib/python3.10/site-packages/torch/distributed/launcher/api.py", line 138, in __call__
    elastic_launch(
  File "/home/li309/pct_code/venv/moellava-test2/lib/python3.10/site-packages/torch/distributed/launcher/api.py", line 138, in __call__
    result = f(*args, **kwargs)
  File "/home/li309/pct_code/venv/moellava-test2/lib/python3.10/site-packages/torch/distributed/elastic/agent/server/api.py", line 711, in run
    elastic_launch(
  File "/home/li309/pct_code/venv/moellava-test2/lib/python3.10/site-packages/torch/distributed/launcher/api.py", line 138, in __call__
    return launch_agent(self._config, self._entrypoint, list(args))
  File "/home/li309/pct_code/venv/moellava-test2/lib/python3.10/site-packages/torch/distributed/launcher/api.py", line 260, in launch_agent
    return launch_agent(self._config, self._entrypoint, list(args))
  File "/home/li309/pct_code/venv/moellava-test2/lib/python3.10/site-packages/torch/distributed/launcher/api.py", line 260, in launch_agent
    return launch_agent(self._config, self._entrypoint, list(args))
  File "/home/li309/pct_code/venv/moellava-test2/lib/python3.10/site-packages/torch/distributed/launcher/api.py", line 260, in launch_agent
    return launch_agent(self._config, self._entrypoint, list(args))
  File "/home/li309/pct_code/venv/moellava-test2/lib/python3.10/site-packages/torch/distributed/launcher/api.py", line 260, in launch_agent
    return launch_agent(self._config, self._entrypoint, list(args))
  File "/home/li309/pct_code/venv/moellava-test2/lib/python3.10/site-packages/torch/distributed/launcher/api.py", line 260, in launch_agent
    result = agent.run()
  File "/home/li309/pct_code/venv/moellava-test2/lib/python3.10/site-packages/torch/distributed/elastic/metrics/api.py", line 137, in wrapper
    result = agent.run()
  File "/home/li309/pct_code/venv/moellava-test2/lib/python3.10/site-packages/torch/distributed/elastic/metrics/api.py", line 137, in wrapper
    result = self._invoke_run(role)
  File "/home/li309/pct_code/venv/moellava-test2/lib/python3.10/site-packages/torch/distributed/elastic/agent/server/api.py", line 864, in _invoke_run
    result = agent.run()
  File "/home/li309/pct_code/venv/moellava-test2/lib/python3.10/site-packages/torch/distributed/elastic/metrics/api.py", line 137, in wrapper
    result = agent.run()
  File "/home/li309/pct_code/venv/moellava-test2/lib/python3.10/site-packages/torch/distributed/elastic/metrics/api.py", line 137, in wrapper
    result = f(*args, **kwargs)
  File "/home/li309/pct_code/venv/moellava-test2/lib/python3.10/site-packages/torch/distributed/elastic/agent/server/api.py", line 711, in run
    result = agent.run()
  File "/home/li309/pct_code/venv/moellava-test2/lib/python3.10/site-packages/torch/distributed/elastic/metrics/api.py", line 137, in wrapper
    result = f(*args, **kwargs)
  File "/home/li309/pct_code/venv/moellava-test2/lib/python3.10/site-packages/torch/distributed/elastic/agent/server/api.py", line 711, in run
    self._initialize_workers(self._worker_group)
  File "/home/li309/pct_code/venv/moellava-test2/lib/python3.10/site-packages/torch/distributed/elastic/metrics/api.py", line 137, in wrapper
    result = f(*args, **kwargs)
  File "/home/li309/pct_code/venv/moellava-test2/lib/python3.10/site-packages/torch/distributed/elastic/agent/server/api.py", line 711, in run
    result = f(*args, **kwargs)
  File "/home/li309/pct_code/venv/moellava-test2/lib/python3.10/site-packages/torch/distributed/elastic/agent/server/api.py", line 711, in run
    result = f(*args, **kwargs)
  File "/home/li309/pct_code/venv/moellava-test2/lib/python3.10/site-packages/torch/distributed/elastic/agent/server/api.py", line 711, in run
    result = self._invoke_run(role)
  File "/home/li309/pct_code/venv/moellava-test2/lib/python3.10/site-packages/torch/distributed/elastic/agent/server/api.py", line 864, in _invoke_run
    result = f(*args, **kwargs)
  File "/home/li309/pct_code/venv/moellava-test2/lib/python3.10/site-packages/torch/distributed/elastic/agent/server/api.py", line 683, in _initialize_workers
    result = self._invoke_run(role)
  File "/home/li309/pct_code/venv/moellava-test2/lib/python3.10/site-packages/torch/distributed/elastic/agent/server/api.py", line 864, in _invoke_run
    result = self._invoke_run(role)
  File "/home/li309/pct_code/venv/moellava-test2/lib/python3.10/site-packages/torch/distributed/elastic/agent/server/api.py", line 864, in _invoke_run
    result = self._invoke_run(role)
  File "/home/li309/pct_code/venv/moellava-test2/lib/python3.10/site-packages/torch/distributed/elastic/agent/server/api.py", line 864, in _invoke_run
    result = self._invoke_run(role)
  File "/home/li309/pct_code/venv/moellava-test2/lib/python3.10/site-packages/torch/distributed/elastic/agent/server/api.py", line 864, in _invoke_run
    self._initialize_workers(self._worker_group)
  File "/home/li309/pct_code/venv/moellava-test2/lib/python3.10/site-packages/torch/distributed/elastic/metrics/api.py", line 137, in wrapper
    self._initialize_workers(self._worker_group)
  File "/home/li309/pct_code/venv/moellava-test2/lib/python3.10/site-packages/torch/distributed/elastic/metrics/api.py", line 137, in wrapper
    self._rendezvous(worker_group)
  File "/home/li309/pct_code/venv/moellava-test2/lib/python3.10/site-packages/torch/distributed/elastic/metrics/api.py", line 137, in wrapper
    result = f(*args, **kwargs)
  File "/home/li309/pct_code/venv/moellava-test2/lib/python3.10/site-packages/torch/distributed/elastic/agent/server/api.py", line 683, in _initialize_workers
    self._initialize_workers(self._worker_group)
  File "/home/li309/pct_code/venv/moellava-test2/lib/python3.10/site-packages/torch/distributed/elastic/metrics/api.py", line 137, in wrapper
    self._initialize_workers(self._worker_group)
  File "/home/li309/pct_code/venv/moellava-test2/lib/python3.10/site-packages/torch/distributed/elastic/metrics/api.py", line 137, in wrapper
    self._initialize_workers(self._worker_group)
  File "/home/li309/pct_code/venv/moellava-test2/lib/python3.10/site-packages/torch/distributed/elastic/metrics/api.py", line 137, in wrapper
    result = f(*args, **kwargs)
  File "/home/li309/pct_code/venv/moellava-test2/lib/python3.10/site-packages/torch/distributed/elastic/agent/server/api.py", line 683, in _initialize_workers
    result = f(*args, **kwargs)
  File "/home/li309/pct_code/venv/moellava-test2/lib/python3.10/site-packages/torch/distributed/elastic/agent/server/api.py", line 513, in _rendezvous
    self._rendezvous(worker_group)
  File "/home/li309/pct_code/venv/moellava-test2/lib/python3.10/site-packages/torch/distributed/elastic/metrics/api.py", line 137, in wrapper
    result = f(*args, **kwargs)
  File "/home/li309/pct_code/venv/moellava-test2/lib/python3.10/site-packages/torch/distributed/elastic/agent/server/api.py", line 683, in _initialize_workers
    result = f(*args, **kwargs)
  File "/home/li309/pct_code/venv/moellava-test2/lib/python3.10/site-packages/torch/distributed/elastic/agent/server/api.py", line 683, in _initialize_workers
    result = f(*args, **kwargs)
  File "/home/li309/pct_code/venv/moellava-test2/lib/python3.10/site-packages/torch/distributed/elastic/agent/server/api.py", line 683, in _initialize_workers
    self._rendezvous(worker_group)
  File "/home/li309/pct_code/venv/moellava-test2/lib/python3.10/site-packages/torch/distributed/elastic/metrics/api.py", line 137, in wrapper
    workers = self._assign_worker_ranks(
  File "/home/li309/pct_code/venv/moellava-test2/lib/python3.10/site-packages/torch/distributed/elastic/metrics/api.py", line 137, in wrapper
    result = f(*args, **kwargs)
  File "/home/li309/pct_code/venv/moellava-test2/lib/python3.10/site-packages/torch/distributed/elastic/agent/server/api.py", line 513, in _rendezvous
    result = f(*args, **kwargs)
  File "/home/li309/pct_code/venv/moellava-test2/lib/python3.10/site-packages/torch/distributed/elastic/agent/server/api.py", line 513, in _rendezvous
    self._rendezvous(worker_group)
  File "/home/li309/pct_code/venv/moellava-test2/lib/python3.10/site-packages/torch/distributed/elastic/metrics/api.py", line 137, in wrapper
    result = f(*args, **kwargs)
  File "/home/li309/pct_code/venv/moellava-test2/lib/python3.10/site-packages/torch/distributed/elastic/agent/server/api.py", line 605, in _assign_worker_ranks
    workers = self._assign_worker_ranks(
  File "/home/li309/pct_code/venv/moellava-test2/lib/python3.10/site-packages/torch/distributed/elastic/metrics/api.py", line 137, in wrapper
    self._rendezvous(worker_group)
  File "/home/li309/pct_code/venv/moellava-test2/lib/python3.10/site-packages/torch/distributed/elastic/metrics/api.py", line 137, in wrapper
    self._rendezvous(worker_group)
  File "/home/li309/pct_code/venv/moellava-test2/lib/python3.10/site-packages/torch/distributed/elastic/metrics/api.py", line 137, in wrapper
    result = f(*args, **kwargs)
  File "/home/li309/pct_code/venv/moellava-test2/lib/python3.10/site-packages/torch/distributed/elastic/agent/server/api.py", line 513, in _rendezvous
    workers = self._assign_worker_ranks(
  File "/home/li309/pct_code/venv/moellava-test2/lib/python3.10/site-packages/torch/distributed/elastic/metrics/api.py", line 137, in wrapper
    result = f(*args, **kwargs)
  File "/home/li309/pct_code/venv/moellava-test2/lib/python3.10/site-packages/torch/distributed/elastic/agent/server/api.py", line 513, in _rendezvous
    result = f(*args, **kwargs)
  File "/home/li309/pct_code/venv/moellava-test2/lib/python3.10/site-packages/torch/distributed/elastic/agent/server/api.py", line 605, in _assign_worker_ranks
    result = f(*args, **kwargs)
  File "/home/li309/pct_code/venv/moellava-test2/lib/python3.10/site-packages/torch/distributed/elastic/agent/server/api.py", line 605, in _assign_worker_ranks
    result = f(*args, **kwargs)
  File "/home/li309/pct_code/venv/moellava-test2/lib/python3.10/site-packages/torch/distributed/elastic/agent/server/api.py", line 513, in _rendezvous
    role_infos_bytes = store.multi_get(
torch.distributed.DistStoreError: wait timeout after 900000ms, keys: /none/torchelastic/role_info/0, /none/torchelastic/role_info/1, /none/torchelastic/role_info/2, /none/torchelastic/role_info/3, /none/torchelastic/role_info/4, /none/torchelastic/role_info/5, /none/torchelastic/role_info/6, /none/torchelastic/role_info/7
    workers = self._assign_worker_ranks(
  File "/home/li309/pct_code/venv/moellava-test2/lib/python3.10/site-packages/torch/distributed/elastic/metrics/api.py", line 137, in wrapper
    role_infos_bytes = store.multi_get(
    workers = self._assign_worker_ranks(
  File "/home/li309/pct_code/venv/moellava-test2/lib/python3.10/site-packages/torch/distributed/elastic/metrics/api.py", line 137, in wrapper
    role_infos_bytes = store.multi_get(
    workers = self._assign_worker_ranks(
  File "/home/li309/pct_code/venv/moellava-test2/lib/python3.10/site-packages/torch/distributed/elastic/metrics/api.py", line 137, in wrapper
torch.distributed.DistStoreError: wait timeout after 900000ms, keys: /none/torchelastic/role_info/0, /none/torchelastic/role_info/1, /none/torchelastic/role_info/2, /none/torchelastic/role_info/3, /none/torchelastic/role_info/4, /none/torchelastic/role_info/5, /none/torchelastic/role_info/6, /none/torchelastic/role_info/7
    result = f(*args, **kwargs)
  File "/home/li309/pct_code/venv/moellava-test2/lib/python3.10/site-packages/torch/distributed/elastic/agent/server/api.py", line 605, in _assign_worker_ranks
torch.distributed.DistStoreError: wait timeout after 900000ms, keys: /none/torchelastic/role_info/0, /none/torchelastic/role_info/1, /none/torchelastic/role_info/2, /none/torchelastic/role_info/3, /none/torchelastic/role_info/4, /none/torchelastic/role_info/5, /none/torchelastic/role_info/6, /none/torchelastic/role_info/7
    result = f(*args, **kwargs)
  File "/home/li309/pct_code/venv/moellava-test2/lib/python3.10/site-packages/torch/distributed/elastic/agent/server/api.py", line 605, in _assign_worker_ranks
    result = f(*args, **kwargs)
  File "/home/li309/pct_code/venv/moellava-test2/lib/python3.10/site-packages/torch/distributed/elastic/agent/server/api.py", line 605, in _assign_worker_ranks
    role_infos_bytes = store.multi_get(
torch.distributed.DistStoreError: wait timeout after 900000ms, keys: /none/torchelastic/role_info/0, /none/torchelastic/role_info/1, /none/torchelastic/role_info/2, /none/torchelastic/role_info/3, /none/torchelastic/role_info/4, /none/torchelastic/role_info/5, /none/torchelastic/role_info/6, /none/torchelastic/role_info/7
    role_infos_bytes = store.multi_get(
    role_infos_bytes = store.multi_get(
torch.distributed.DistStoreError: wait timeout after 900000ms, keys: /none/torchelastic/role_info/0, /none/torchelastic/role_info/1, /none/torchelastic/role_info/2, /none/torchelastic/role_info/3, /none/torchelastic/role_info/4, /none/torchelastic/role_info/5, /none/torchelastic/role_info/6, /none/torchelastic/role_info/7
torch.distributed.DistStoreError: wait timeout after 900000ms, keys: /none/torchelastic/role_info/0, /none/torchelastic/role_info/1, /none/torchelastic/role_info/2, /none/torchelastic/role_info/3, /none/torchelastic/role_info/4, /none/torchelastic/role_info/5, /none/torchelastic/role_info/6, /none/torchelastic/role_info/7
srun: error: g003: task 1: Exited with exit code 1
Traceback (most recent call last):
  File "/home/li309/pct_code/venv/moellava-test2/bin/torchrun", line 7, in <module>
    sys.exit(main())
  File "/home/li309/pct_code/venv/moellava-test2/lib/python3.10/site-packages/torch/distributed/elastic/multiprocessing/errors/__init__.py", line 355, in wrapper
    return f(*args, **kwargs)
  File "/home/li309/pct_code/venv/moellava-test2/lib/python3.10/site-packages/torch/distributed/run.py", line 918, in main
srun: error: g009: task 7: Exited with exit code 1
srun: error: g004: task 2: Exited with exit code 1
srun: error: g007: task 5: Exited with exit code 1
srun: error: g002: task 0: Exited with exit code 1
srun: error: g006: task 4: Exited with exit code 1
srun: error: g008: task 6: Exited with exit code 1
    run(args)
  File "/home/li309/pct_code/venv/moellava-test2/lib/python3.10/site-packages/torch/distributed/run.py", line 909, in run
    elastic_launch(
  File "/home/li309/pct_code/venv/moellava-test2/lib/python3.10/site-packages/torch/distributed/launcher/api.py", line 138, in __call__
    return launch_agent(self._config, self._entrypoint, list(args))
  File "/home/li309/pct_code/venv/moellava-test2/lib/python3.10/site-packages/torch/distributed/launcher/api.py", line 260, in launch_agent
    result = agent.run()
  File "/home/li309/pct_code/venv/moellava-test2/lib/python3.10/site-packages/torch/distributed/elastic/metrics/api.py", line 137, in wrapper
    result = f(*args, **kwargs)
  File "/home/li309/pct_code/venv/moellava-test2/lib/python3.10/site-packages/torch/distributed/elastic/agent/server/api.py", line 711, in run
    result = self._invoke_run(role)
  File "/home/li309/pct_code/venv/moellava-test2/lib/python3.10/site-packages/torch/distributed/elastic/agent/server/api.py", line 864, in _invoke_run
    self._initialize_workers(self._worker_group)
  File "/home/li309/pct_code/venv/moellava-test2/lib/python3.10/site-packages/torch/distributed/elastic/metrics/api.py", line 137, in wrapper
    result = f(*args, **kwargs)
  File "/home/li309/pct_code/venv/moellava-test2/lib/python3.10/site-packages/torch/distributed/elastic/agent/server/api.py", line 683, in _initialize_workers
    self._rendezvous(worker_group)
  File "/home/li309/pct_code/venv/moellava-test2/lib/python3.10/site-packages/torch/distributed/elastic/metrics/api.py", line 137, in wrapper
    result = f(*args, **kwargs)
  File "/home/li309/pct_code/venv/moellava-test2/lib/python3.10/site-packages/torch/distributed/elastic/agent/server/api.py", line 513, in _rendezvous
    workers = self._assign_worker_ranks(
  File "/home/li309/pct_code/venv/moellava-test2/lib/python3.10/site-packages/torch/distributed/elastic/metrics/api.py", line 137, in wrapper
    result = f(*args, **kwargs)
  File "/home/li309/pct_code/venv/moellava-test2/lib/python3.10/site-packages/torch/distributed/elastic/agent/server/api.py", line 605, in _assign_worker_ranks
    role_infos_bytes = store.multi_get(
torch.distributed.DistStoreError: wait timeout after 900000ms, keys: /none/torchelastic/role_info/0, /none/torchelastic/role_info/1, /none/torchelastic/role_info/2, /none/torchelastic/role_info/3, /none/torchelastic/role_info/4, /none/torchelastic/role_info/5, /none/torchelastic/role_info/6, /none/torchelastic/role_info/7
srun: error: g005: task 3: Exited with exit code 1
